Arguments: 
  D:\Programms\Node.js\node.exe C:\Users\danya\AppData\Roaming\npm\node_modules\yarn\bin\yarn.js install

PATH: 
  C:\Program Files (x86)\Microsoft SDKs\Azure\CLI2\wbin;C:\Program Files\Common Files\Oracle\Java\javapath;C:\Program Files (x86)\Common Files\Oracle\Java\javapath;C:\Windows\system32;C:\Windows;C:\Windows\System32\Wbem;C:\Windows\System32\WindowsPowerShell\v1.0\;C:\Windows\System32\OpenSSH\;D:\Programms\mpj-v0_44\bin;C:\Program Files\NVIDIA Corporation\NVIDIA NvDLISR;C:\Program Files (x86)\NVIDIA Corporation\PhysX\Common;D:\Programms\Node.js\;C:\Program Files\Docker\Docker\resources\bin;D:\Programms\Git\cmd;D:\Programms\phpunit\bin;C:\ProgramData\ComposerSetup\bin;C:\Users\danya\.console-ninja\.bin;C:\Users\danya\AppData\Local\Programs\Python\Python37\Scripts\;C:\Users\danya\AppData\Local\Programs\Python\Python37\;C:\Users\danya\AppData\Local\Programs\Python\Python36\Scripts\;C:\Users\danya\AppData\Local\Programs\Python\Python36\;C:\Users\danya\AppData\Local\Programs\Python\Python310\Scripts\;C:\Users\danya\AppData\Local\Programs\Python\Python310\;C:\Users\danya\AppData\Local\Microsoft\WindowsApps;D:\Programms\Microsoft VS Code\bin;C:\Users\danya\.dotnet\tools;C:\Users\danya\AppData\Local\gitkraken\bin;C:\Users\danya\AppData\Roaming\npm;D:\Temp\sonar-scanner-4.7.0.2747-windows\bin;D:\Programms\PHP8;D:\Programms\IntelliJ IDEA 2023.1.1\bin;C:\Users\danya\AppData\Roaming\Composer\vendor\bin

Yarn version: 
  1.22.19

Node version: 
  18.12.1

Platform: 
  win32 x64

Trace: 
  Error: EPERM: operation not permitted, unlink 'D:\Work\Training\blockchain\token_marketplace\packages\backend\node_modules\bufferutil\prebuilds\win32-x64\node.napi.node'

npm manifest: 
  {
    "name": "cgs-team-boilerplate",
    "version": "1.0.0",
    "main": "index.js",
    "license": "MIT",
    "private": true,
    "workspaces": [
      "packages/*"
    ],
    "scripts": {
      "configure:hooks": "yarn && chmod +x ./hooks/setup-hooks && ./hooks/setup-hooks",
      "configure:hooks:windows": "yarn && bash hooks/setup-hooks",
      "start": "yarn && lerna run --parallel start",
      "lint:fix": "npx eslint packages/**/*.ts packages/**/*.tsx --fix"
    },
    "devDependencies": {
      "eslint": "^8.22.0",
      "eslint-config-airbnb": "^19.0.4",
      "eslint-config-airbnb-typescript": "^17.0.0",
      "eslint-config-prettier": "^8.5.0",
      "eslint-import-resolver-typescript": "^3.4.2",
      "eslint-plugin-prettier": "^4.2.1",
      "lerna": "^4.0.0",
      "prettier": "^2.7.1",
      "typescript": "^4.7.4"
    },
    "dependencies": {}
  }

yarn manifest: 
  No manifest

Lockfile: 
  # THIS IS AN AUTOGENERATED FILE. DO NOT EDIT THIS FILE DIRECTLY.
  # yarn lockfile v1
